<?xml version="1.0" encoding="UTF-8"?>
<!-- Generated by org.testng.reporters.JUnitReportReporter -->
<testsuite hostname="leo" failures="0" tests="1" name="com.selenium.AppTest" time="0.000" errors="0" timestamp="2025-04-13T12:34:56 IST" skipped="0">
  <testcase classname="com.selenium.AppTest" name="testExample" time="0.000"/>
  <system-out/>
</testsuite> <!-- com.selenium.AppTest -->
