<?xml version="1.0" encoding="UTF-8"?>
<!-- Generated by org.testng.reporters.JUnitReportReporter -->
<testsuite hostname="leo" failures="0" tests="1" name="com.selenium.LoginTest" time="0.362" errors="0" timestamp="2025-04-13T12:34:56 IST" skipped="0">
  <testcase classname="com.selenium.LoginTest" name="testLogin" time="0.362"/>
  <system-out/>
</testsuite> <!-- com.selenium.LoginTest -->
